{"C:\\Users\\vbellamt\\Downloads\\tv\\tvshowapp-master\\src\\show.service.js": {"path":"C:\\Users\\vbellamt\\Downloads\\tv\\tvshowapp-master\\src\\show.service.js","statementMap":{"0":{"start":{"line":3,"column":4},"end":{"line":3,"column":67}},"1":{"start":{"line":6,"column":4},"end":{"line":6,"column":32}},"2":{"start":{"line":7,"column":4},"end":{"line":7,"column":56}},"3":{"start":{"line":10,"column":4},"end":{"line":10,"column":35}},"4":{"start":{"line":11,"column":4},"end":{"line":11,"column":67}},"5":{"start":{"line":14,"column":4},"end":{"line":14,"column":40}},"6":{"start":{"line":15,"column":4},"end":{"line":15,"column":52}},"7":{"start":{"line":19,"column":4},"end":{"line":19,"column":63}}},"fnMap":{"0":{"name":"getshow","decl":{"start":{"line":2,"column":16},"end":{"line":2,"column":23}},"loc":{"start":{"line":2,"column":29},"end":{"line":4,"column":1}},"line":2},"1":{"name":"viewShowDetails","decl":{"start":{"line":5,"column":16},"end":{"line":5,"column":31}},"loc":{"start":{"line":5,"column":35},"end":{"line":8,"column":1}},"line":5},"2":{"name":"viewEpisodeDetails","decl":{"start":{"line":9,"column":16},"end":{"line":9,"column":34}},"loc":{"start":{"line":9,"column":38},"end":{"line":12,"column":1}},"line":9},"3":{"name":"getAllShows","decl":{"start":{"line":13,"column":16},"end":{"line":13,"column":27}},"loc":{"start":{"line":13,"column":29},"end":{"line":16,"column":1}},"line":13},"4":{"name":"castDetails","decl":{"start":{"line":17,"column":16},"end":{"line":17,"column":27}},"loc":{"start":{"line":17,"column":31},"end":{"line":20,"column":1}},"line":17}},"branchMap":{},"s":{"0":0,"1":0,"2":0,"3":0,"4":0,"5":4,"6":4,"7":0},"f":{"0":0,"1":0,"2":0,"3":4,"4":0},"b":{},"_coverageSchema":"43e27e138ebf9cfc5966b082cf9a028302ed4184","hash":"28cf4b6c990ebe9d6d19a57f51340074b6270201"}
,"C:\\Users\\vbellamt\\Downloads\\tv\\tvshowapp-master\\src\\vue.congig.js": {"path":"C:\\Users\\vbellamt\\Downloads\\tv\\tvshowapp-master\\src\\vue.congig.js","statementMap":{"0":{"start":{"line":1,"column":0},"end":{"line":3,"column":3}}},"fnMap":{},"branchMap":{},"s":{"0":0},"f":{},"b":{},"hash":"bb9b02d735f18fcc84dccc1a1ba21967016d4df2"}
,"C:\\Users\\vbellamt\\Downloads\\tv\\tvshowapp-master\\src\\components\\Header.vue": {"path":"C:\\Users\\vbellamt\\Downloads\\tv\\tvshowapp-master\\src\\components\\Header.vue","statementMap":{"0":{"start":{"line":23,"column":0},"end":{"line":23,"column":null}},"1":{"start":{"line":28,"column":0},"end":{"line":28,"column":null}},"2":{"start":{"line":29,"column":0},"end":{"line":29,"column":null}}},"fnMap":{"0":{"name":"(anonymous_1)","decl":{"start":{"line":27,"column":0},"end":{"line":27,"column":null}},"loc":{"start":{"line":27,"column":0},"end":{"line":30,"column":null}}}},"branchMap":{},"s":{"0":1,"1":0,"2":0},"f":{"0":0},"b":{}}
,"C:\\Users\\vbellamt\\Downloads\\tv\\tvshowapp-master\\src\\components\\Search.vue": {"path":"C:\\Users\\vbellamt\\Downloads\\tv\\tvshowapp-master\\src\\components\\Search.vue","statementMap":{"0":{"start":{"line":17,"column":0},"end":{"line":17,"column":null}},"1":{"start":{"line":23,"column":0},"end":{"line":23,"column":null}},"2":{"start":{"line":24,"column":0},"end":{"line":24,"column":null}}},"fnMap":{"0":{"name":"(anonymous_1)","decl":{"start":{"line":16,"column":0},"end":{"line":16,"column":null}},"loc":{"start":{"line":16,"column":0},"end":{"line":20,"column":null}}},"1":{"name":"(anonymous_2)","decl":{"start":{"line":22,"column":0},"end":{"line":22,"column":null}},"loc":{"start":{"line":22,"column":0},"end":{"line":25,"column":null}}}},"branchMap":{},"s":{"0":0,"1":0,"2":0},"f":{"0":0,"1":0},"b":{}}
,"C:\\Users\\vbellamt\\Downloads\\tv\\tvshowapp-master\\src\\router\\index.js": {"path":"C:\\Users\\vbellamt\\Downloads\\tv\\tvshowapp-master\\src\\router\\index.js","statementMap":{"0":{"start":{"line":7,"column":0},"end":{"line":7,"column":19}},"1":{"start":{"line":9,"column":15},"end":{"line":31,"column":1}},"2":{"start":{"line":22,"column":6},"end":{"line":22,"column":66}},"3":{"start":{"line":33,"column":15},"end":{"line":37,"column":2}}},"fnMap":{"0":{"name":"(anonymous_0)","decl":{"start":{"line":21,"column":15},"end":{"line":21,"column":16}},"loc":{"start":{"line":22,"column":6},"end":{"line":22,"column":66}},"line":22}},"branchMap":{},"s":{"0":0,"1":0,"2":0,"3":0},"f":{"0":0},"b":{},"hash":"cd7492ba95be1950495092f8d4aa97c1c2ed2af0"}
,"C:\\Users\\vbellamt\\Downloads\\tv\\tvshowapp-master\\src\\views\\About.vue": {"path":"C:\\Users\\vbellamt\\Downloads\\tv\\tvshowapp-master\\src\\views\\About.vue","statementMap":{"0":{"start":{"line":68,"column":0},"end":{"line":68,"column":null}},"1":{"start":{"line":72,"column":0},"end":{"line":72,"column":null}},"2":{"start":{"line":83,"column":0},"end":{"line":83,"column":null}},"3":{"start":{"line":85,"column":0},"end":{"line":90,"column":null}},"4":{"start":{"line":86,"column":0},"end":{"line":86,"column":null}},"5":{"start":{"line":87,"column":0},"end":{"line":87,"column":null}},"6":{"start":{"line":89,"column":0},"end":{"line":89,"column":null}},"7":{"start":{"line":91,"column":0},"end":{"line":96,"column":null}},"8":{"start":{"line":92,"column":0},"end":{"line":92,"column":null}},"9":{"start":{"line":95,"column":0},"end":{"line":95,"column":null}},"10":{"start":{"line":102,"column":0},"end":{"line":102,"column":null}},"11":{"start":{"line":106,"column":0},"end":{"line":106,"column":null}},"12":{"start":{"line":107,"column":0},"end":{"line":107,"column":null}},"13":{"start":{"line":108,"column":0},"end":{"line":108,"column":null}},"14":{"start":{"line":111,"column":0},"end":{"line":111,"column":null}},"15":{"start":{"line":112,"column":0},"end":{"line":115,"column":null}},"16":{"start":{"line":113,"column":0},"end":{"line":113,"column":null}},"17":{"start":{"line":114,"column":0},"end":{"line":114,"column":null}}},"fnMap":{"0":{"name":"(anonymous_1)","decl":{"start":{"line":71,"column":0},"end":{"line":71,"column":null}},"loc":{"start":{"line":71,"column":0},"end":{"line":79,"column":null}}},"1":{"name":"(anonymous_2)","decl":{"start":{"line":81,"column":0},"end":{"line":81,"column":null}},"loc":{"start":{"line":81,"column":0},"end":{"line":98,"column":null}}},"2":{"name":"(anonymous_3)","decl":{"start":{"line":85,"column":0},"end":{"line":85,"column":null}},"loc":{"start":{"line":85,"column":0},"end":{"line":88,"column":null}}},"3":{"name":"(anonymous_4)","decl":{"start":{"line":88,"column":0},"end":{"line":88,"column":null}},"loc":{"start":{"line":88,"column":0},"end":{"line":90,"column":null}}},"4":{"name":"(anonymous_5)","decl":{"start":{"line":100,"column":0},"end":{"line":100,"column":null}},"loc":{"start":{"line":100,"column":0},"end":{"line":104,"column":null}}},"5":{"name":"(anonymous_6)","decl":{"start":{"line":105,"column":0},"end":{"line":105,"column":null}},"loc":{"start":{"line":105,"column":0},"end":{"line":109,"column":null}}},"6":{"name":"(anonymous_7)","decl":{"start":{"line":107,"column":0},"end":{"line":107,"column":null}},"loc":{"start":{"line":107,"column":0},"end":{"line":107,"column":null}}},"7":{"name":"(anonymous_8)","decl":{"start":{"line":110,"column":0},"end":{"line":110,"column":null}},"loc":{"start":{"line":110,"column":0},"end":{"line":116,"column":null}}},"8":{"name":"(anonymous_9)","decl":{"start":{"line":112,"column":0},"end":{"line":112,"column":null}},"loc":{"start":{"line":112,"column":0},"end":{"line":115,"column":null}}}},"branchMap":{"0":{"loc":{"start":{"line":91,"column":0},"end":{"line":96,"column":null}},"type":"if","locations":[{"start":{"line":91,"column":0},"end":{"line":96,"column":null}},{"start":{"line":91,"column":0},"end":{"line":96,"column":null}}]}},"s":{"0":0,"1":0,"2":0,"3":0,"4":0,"5":0,"6":0,"7":0,"8":0,"9":0,"10":0,"11":0,"12":0,"13":0,"14":0,"15":0,"16":0,"17":0},"f":{"0":0,"1":0,"2":0,"3":0,"4":0,"5":0,"6":0,"7":0,"8":0},"b":{"0":[0,0]}}
,"C:\\Users\\vbellamt\\Downloads\\tv\\tvshowapp-master\\src\\views\\Home.vue": {"path":"C:\\Users\\vbellamt\\Downloads\\tv\\tvshowapp-master\\src\\views\\Home.vue","statementMap":{"0":{"start":{"line":128,"column":0},"end":{"line":128,"column":null}},"1":{"start":{"line":129,"column":0},"end":{"line":129,"column":null}},"2":{"start":{"line":130,"column":0},"end":{"line":130,"column":null}},"3":{"start":{"line":138,"column":0},"end":{"line":138,"column":null}},"4":{"start":{"line":151,"column":0},"end":{"line":151,"column":null}},"5":{"start":{"line":152,"column":0},"end":{"line":162,"column":null}},"6":{"start":{"line":153,"column":0},"end":{"line":155,"column":null}},"7":{"start":{"line":154,"column":0},"end":{"line":154,"column":null}},"8":{"start":{"line":161,"column":0},"end":{"line":161,"column":null}},"9":{"start":{"line":166,"column":0},"end":{"line":176,"column":null}},"10":{"start":{"line":167,"column":0},"end":{"line":167,"column":null}},"11":{"start":{"line":168,"column":0},"end":{"line":168,"column":null}},"12":{"start":{"line":169,"column":0},"end":{"line":169,"column":null}},"13":{"start":{"line":173,"column":0},"end":{"line":173,"column":null}},"14":{"start":{"line":174,"column":0},"end":{"line":174,"column":null}},"15":{"start":{"line":180,"column":0},"end":{"line":180,"column":null}},"16":{"start":{"line":183,"column":0},"end":{"line":183,"column":null}},"17":{"start":{"line":184,"column":0},"end":{"line":193,"column":null}},"18":{"start":{"line":185,"column":0},"end":{"line":185,"column":null}},"19":{"start":{"line":187,"column":0},"end":{"line":187,"column":null}}},"fnMap":{"0":{"name":"(anonymous_1)","decl":{"start":{"line":137,"column":0},"end":{"line":137,"column":null}},"loc":{"start":{"line":137,"column":0},"end":{"line":148,"column":null}}},"1":{"name":"(anonymous_2)","decl":{"start":{"line":150,"column":0},"end":{"line":150,"column":null}},"loc":{"start":{"line":150,"column":0},"end":{"line":163,"column":null}}},"2":{"name":"(anonymous_3)","decl":{"start":{"line":153,"column":0},"end":{"line":153,"column":null}},"loc":{"start":{"line":153,"column":0},"end":{"line":155,"column":null}}},"3":{"name":"(anonymous_4)","decl":{"start":{"line":165,"column":0},"end":{"line":165,"column":null}},"loc":{"start":{"line":165,"column":0},"end":{"line":177,"column":null}}},"4":{"name":"(anonymous_5)","decl":{"start":{"line":166,"column":0},"end":{"line":166,"column":null}},"loc":{"start":{"line":166,"column":0},"end":{"line":176,"column":null}}},"5":{"name":"(anonymous_6)","decl":{"start":{"line":169,"column":0},"end":{"line":169,"column":null}},"loc":{"start":{"line":169,"column":0},"end":{"line":169,"column":null}}},"6":{"name":"(anonymous_8)","decl":{"start":{"line":179,"column":0},"end":{"line":179,"column":null}},"loc":{"start":{"line":179,"column":0},"end":{"line":181,"column":null}}},"7":{"name":"(anonymous_9)","decl":{"start":{"line":180,"column":0},"end":{"line":180,"column":null}},"loc":{"start":{"line":180,"column":0},"end":{"line":180,"column":null}}},"8":{"name":"(anonymous_10)","decl":{"start":{"line":182,"column":0},"end":{"line":182,"column":null}},"loc":{"start":{"line":182,"column":0},"end":{"line":194,"column":null}}},"9":{"name":"(anonymous_11)","decl":{"start":{"line":184,"column":0},"end":{"line":184,"column":null}},"loc":{"start":{"line":184,"column":0},"end":{"line":193,"column":null}}},"10":{"name":"(anonymous_12)","decl":{"start":{"line":187,"column":0},"end":{"line":187,"column":null}},"loc":{"start":{"line":187,"column":0},"end":{"line":187,"column":null}}}},"branchMap":{"0":{"loc":{"start":{"line":152,"column":0},"end":{"line":162,"column":null}},"type":"if","locations":[{"start":{"line":152,"column":0},"end":{"line":162,"column":null}},{"start":{"line":152,"column":0},"end":{"line":162,"column":null}}]},"1":{"loc":{"start":{"line":169,"column":0},"end":{"line":169,"column":null}},"type":"cond-expr","locations":[{"start":{"line":169,"column":0},"end":{"line":169,"column":null}},{"start":{"line":169,"column":0},"end":{"line":169,"column":null}}]},"2":{"loc":{"start":{"line":187,"column":0},"end":{"line":187,"column":null}},"type":"cond-expr","locations":[{"start":{"line":187,"column":0},"end":{"line":187,"column":null}},{"start":{"line":187,"column":0},"end":{"line":187,"column":null}}]}},"s":{"0":1,"1":1,"2":1,"3":4,"4":0,"5":0,"6":0,"7":0,"8":0,"9":4,"10":2,"11":2,"12":10,"13":2,"14":2,"15":12,"16":6,"17":6,"18":6,"19":32},"f":{"0":4,"1":0,"2":0,"3":4,"4":2,"5":8,"6":6,"7":6,"8":6,"9":6,"10":32},"b":{"0":[0,0],"1":[2,0],"2":[2,0]}}
,"C:\\Users\\vbellamt\\Downloads\\tv\\tvshowapp-master\\src\\views\\PageNotFound.vue": {"path":"C:\\Users\\vbellamt\\Downloads\\tv\\tvshowapp-master\\src\\views\\PageNotFound.vue","statementMap":{"0":{"start":{"line":20,"column":0},"end":{"line":20,"column":null}}},"fnMap":{"0":{"name":"(anonymous_1)","decl":{"start":{"line":19,"column":0},"end":{"line":19,"column":null}},"loc":{"start":{"line":19,"column":0},"end":{"line":21,"column":null}}}},"branchMap":{},"s":{"0":0},"f":{"0":0},"b":{}}
,"C:\\Users\\vbellamt\\Downloads\\tv\\tvshowapp-master\\tests\\unit\\testdata.js": {"path":"C:\\Users\\vbellamt\\Downloads\\tv\\tvshowapp-master\\tests\\unit\\testdata.js","statementMap":{"0":{"start":{"line":1,"column":27},"end":{"line":19,"column":1}},"1":{"start":{"line":21,"column":25},"end":{"line":42,"column":1}}},"fnMap":{},"branchMap":{},"s":{"0":1,"1":1},"f":{},"b":{},"_coverageSchema":"43e27e138ebf9cfc5966b082cf9a028302ed4184","hash":"29f3db28487c8988590acc47d7e08372fcafa6c2"}
}
