TN:
SF:C:\Users\vbellamt\Downloads\tv\tvshowapp-master\src\show.service.js
FN:2,getshow
FN:5,viewShowDetails
FN:9,viewEpisodeDetails
FN:13,getAllShows
FN:17,castDetails
FNF:5
FNH:1
FNDA:0,getshow
FNDA:0,viewShowDetails
FNDA:0,viewEpisodeDetails
FNDA:4,getAllShows
FNDA:0,castDetails
DA:3,0
DA:6,0
DA:7,0
DA:10,0
DA:11,0
DA:14,4
DA:15,4
DA:19,0
LF:8
LH:2
BRF:0
BRH:0
end_of_record
TN:
SF:C:\Users\vbellamt\Downloads\tv\tvshowapp-master\src\vue.congig.js
FNF:0
FNH:0
DA:1,0
LF:1
LH:0
BRF:0
BRH:0
end_of_record
TN:
SF:C:\Users\vbellamt\Downloads\tv\tvshowapp-master\src\components\Header.vue
FN:27,(anonymous_1)
FNF:1
FNH:0
FNDA:0,(anonymous_1)
DA:23,1
DA:28,0
DA:29,0
LF:3
LH:1
BRF:0
BRH:0
end_of_record
TN:
SF:C:\Users\vbellamt\Downloads\tv\tvshowapp-master\src\components\Search.vue
FN:16,(anonymous_1)
FN:22,(anonymous_2)
FNF:2
FNH:0
FNDA:0,(anonymous_1)
FNDA:0,(anonymous_2)
DA:17,0
DA:23,0
DA:24,0
LF:3
LH:0
BRF:0
BRH:0
end_of_record
TN:
SF:C:\Users\vbellamt\Downloads\tv\tvshowapp-master\src\router\index.js
FN:21,(anonymous_0)
FNF:1
FNH:0
FNDA:0,(anonymous_0)
DA:7,0
DA:9,0
DA:22,0
DA:33,0
LF:4
LH:0
BRF:0
BRH:0
end_of_record
TN:
SF:C:\Users\vbellamt\Downloads\tv\tvshowapp-master\src\views\About.vue
FN:71,(anonymous_1)
FN:81,(anonymous_2)
FN:85,(anonymous_3)
FN:88,(anonymous_4)
FN:100,(anonymous_5)
FN:105,(anonymous_6)
FN:107,(anonymous_7)
FN:110,(anonymous_8)
FN:112,(anonymous_9)
FNF:9
FNH:0
FNDA:0,(anonymous_1)
FNDA:0,(anonymous_2)
FNDA:0,(anonymous_3)
FNDA:0,(anonymous_4)
FNDA:0,(anonymous_5)
FNDA:0,(anonymous_6)
FNDA:0,(anonymous_7)
FNDA:0,(anonymous_8)
FNDA:0,(anonymous_9)
DA:68,0
DA:72,0
DA:83,0
DA:85,0
DA:86,0
DA:87,0
DA:89,0
DA:91,0
DA:92,0
DA:95,0
DA:102,0
DA:106,0
DA:107,0
DA:108,0
DA:111,0
DA:112,0
DA:113,0
DA:114,0
LF:18
LH:0
BRDA:91,0,0,0
BRDA:91,0,1,0
BRF:2
BRH:0
end_of_record
TN:
SF:C:\Users\vbellamt\Downloads\tv\tvshowapp-master\src\views\Home.vue
FN:137,(anonymous_1)
FN:150,(anonymous_2)
FN:153,(anonymous_3)
FN:165,(anonymous_4)
FN:166,(anonymous_5)
FN:169,(anonymous_6)
FN:179,(anonymous_8)
FN:180,(anonymous_9)
FN:182,(anonymous_10)
FN:184,(anonymous_11)
FN:187,(anonymous_12)
FNF:11
FNH:9
FNDA:4,(anonymous_1)
FNDA:0,(anonymous_2)
FNDA:0,(anonymous_3)
FNDA:4,(anonymous_4)
FNDA:2,(anonymous_5)
FNDA:8,(anonymous_6)
FNDA:6,(anonymous_8)
FNDA:6,(anonymous_9)
FNDA:6,(anonymous_10)
FNDA:6,(anonymous_11)
FNDA:32,(anonymous_12)
DA:128,1
DA:129,1
DA:130,1
DA:138,4
DA:151,0
DA:152,0
DA:153,0
DA:154,0
DA:161,0
DA:166,4
DA:167,2
DA:168,2
DA:169,10
DA:173,2
DA:174,2
DA:180,12
DA:183,6
DA:184,6
DA:185,6
DA:187,32
LF:20
LH:15
BRDA:152,0,0,0
BRDA:152,0,1,0
BRDA:169,1,0,2
BRDA:169,1,1,0
BRDA:187,2,0,2
BRDA:187,2,1,0
BRF:6
BRH:2
end_of_record
TN:
SF:C:\Users\vbellamt\Downloads\tv\tvshowapp-master\src\views\PageNotFound.vue
FN:19,(anonymous_1)
FNF:1
FNH:0
FNDA:0,(anonymous_1)
DA:20,0
LF:1
LH:0
BRF:0
BRH:0
end_of_record
TN:
SF:C:\Users\vbellamt\Downloads\tv\tvshowapp-master\tests\unit\testdata.js
FNF:0
FNH:0
DA:1,1
DA:21,1
LF:2
LH:2
BRF:0
BRH:0
end_of_record
